<?xml version="1.0" encoding="UTF-8" ?>
<testsuite errors="0" failures="0" hostname="Sumedhas-MacBook-Pro.local" name="com.flatironschool.javacs.WikiPhilosophyTest" skipped="0" tests="1" time="8.55" timestamp="2016-06-09T21:08:00">
  <properties>
[...]
</properties>
  <testcase classname="com.flatironschool.javacs.WikiPhilosophyTest" name="testMain" time="8.121" />
  <system-out><![CDATA[Fetching...0
**computer programming language**
Fetching...0
**formal**
Fetching...0
**mathematics**
Fetching...0
**quantity**
Fetching...0
**property**
Fetching...0
**philosophy**
Found
]]></system-out>
  <system-err><![CDATA[]]></system-err>
</testsuite>
